<?xml version="1.0" encoding="UTF-8"?>
<testsuite xmlns:xsi="http://www.w3.org/2001/XMLSchema-instance" xsi:noNamespaceSchemaLocation="https://maven.apache.org/surefire/maven-surefire-plugin/xsd/surefire-test-report-3.0.xsd" version="3.0" name="co.uk.codeyogi.cucumber.demo.cucumber.CucumberIT" time="1.401" tests="2" errors="0" skipped="0" failures="0">
  <properties>
    <property name="java.specification.version" value="18"/>
    <property name="sun.jnu.encoding" value="UTF-8"/>
    <property name="java.class.path" value="/Users/gabrielcamozzi/Desarrollo/Desarrollos/Ejemplos_para_Desacople/junit-cucumber/target/test-classes:/Users/gabrielcamozzi/Desarrollo/Desarrollos/Ejemplos_para_Desacople/junit-cucumber/target/classes:/Users/gabrielcamozzi/.m2/repository/org/springframework/boot/spring-boot-starter-data-mongodb/2.3.2.RELEASE/spring-boot-starter-data-mongodb-2.3.2.RELEASE.jar:/Users/gabrielcamozzi/.m2/repository/org/springframework/boot/spring-boot-starter/2.3.2.RELEASE/spring-boot-starter-2.3.2.RELEASE.jar:/Users/gabrielcamozzi/.m2/repository/org/springframework/boot/spring-boot/2.3.2.RELEASE/spring-boot-2.3.2.RELEASE.jar:/Users/gabrielcamozzi/.m2/repository/org/springframework/boot/spring-boot-autoconfigure/2.3.2.RELEASE/spring-boot-autoconfigure-2.3.2.RELEASE.jar:/Users/gabrielcamozzi/.m2/repository/org/springframework/boot/spring-boot-starter-logging/2.3.2.RELEASE/spring-boot-starter-logging-2.3.2.RELEASE.jar:/Users/gabrielcamozzi/.m2/repository/ch/qos/logback/logback-classic/1.2.3/logback-classic-1.2.3.jar:/Users/gabrielcamozzi/.m2/repository/ch/qos/logback/logback-core/1.2.3/logback-core-1.2.3.jar:/Users/gabrielcamozzi/.m2/repository/org/apache/logging/log4j/log4j-to-slf4j/2.13.3/log4j-to-slf4j-2.13.3.jar:/Users/gabrielcamozzi/.m2/repository/org/apache/logging/log4j/log4j-api/2.13.3/log4j-api-2.13.3.jar:/Users/gabrielcamozzi/.m2/repository/org/slf4j/jul-to-slf4j/1.7.30/jul-to-slf4j-1.7.30.jar:/Users/gabrielcamozzi/.m2/repository/jakarta/annotation/jakarta.annotation-api/1.3.5/jakarta.annotation-api-1.3.5.jar:/Users/gabrielcamozzi/.m2/repository/org/yaml/snakeyaml/1.26/snakeyaml-1.26.jar:/Users/gabrielcamozzi/.m2/repository/org/mongodb/mongodb-driver-sync/4.0.5/mongodb-driver-sync-4.0.5.jar:/Users/gabrielcamozzi/.m2/repository/org/mongodb/bson/4.0.5/bson-4.0.5.jar:/Users/gabrielcamozzi/.m2/repository/org/mongodb/mongodb-driver-core/4.0.5/mongodb-driver-core-4.0.5.jar:/Users/gabrielcamozzi/.m2/repository/org/springframework/data/spring-data-mongodb/3.0.2.RELEASE/spring-data-mongodb-3.0.2.RELEASE.jar:/Users/gabrielcamozzi/.m2/repository/org/springframework/spring-tx/5.2.8.RELEASE/spring-tx-5.2.8.RELEASE.jar:/Users/gabrielcamozzi/.m2/repository/org/springframework/spring-context/5.2.8.RELEASE/spring-context-5.2.8.RELEASE.jar:/Users/gabrielcamozzi/.m2/repository/org/springframework/spring-beans/5.2.8.RELEASE/spring-beans-5.2.8.RELEASE.jar:/Users/gabrielcamozzi/.m2/repository/org/springframework/spring-expression/5.2.8.RELEASE/spring-expression-5.2.8.RELEASE.jar:/Users/gabrielcamozzi/.m2/repository/org/springframework/data/spring-data-commons/2.3.2.RELEASE/spring-data-commons-2.3.2.RELEASE.jar:/Users/gabrielcamozzi/.m2/repository/org/springframework/boot/spring-boot-starter-web/2.3.2.RELEASE/spring-boot-starter-web-2.3.2.RELEASE.jar:/Users/gabrielcamozzi/.m2/repository/org/springframework/boot/spring-boot-starter-json/2.3.2.RELEASE/spring-boot-starter-json-2.3.2.RELEASE.jar:/Users/gabrielcamozzi/.m2/repository/com/fasterxml/jackson/core/jackson-databind/2.11.1/jackson-databind-2.11.1.jar:/Users/gabrielcamozzi/.m2/repository/com/fasterxml/jackson/core/jackson-annotations/2.11.1/jackson-annotations-2.11.1.jar:/Users/gabrielcamozzi/.m2/repository/com/fasterxml/jackson/core/jackson-core/2.11.1/jackson-core-2.11.1.jar:/Users/gabrielcamozzi/.m2/repository/com/fasterxml/jackson/datatype/jackson-datatype-jdk8/2.11.1/jackson-datatype-jdk8-2.11.1.jar:/Users/gabrielcamozzi/.m2/repository/com/fasterxml/jackson/datatype/jackson-datatype-jsr310/2.11.1/jackson-datatype-jsr310-2.11.1.jar:/Users/gabrielcamozzi/.m2/repository/com/fasterxml/jackson/module/jackson-module-parameter-names/2.11.1/jackson-module-parameter-names-2.11.1.jar:/Users/gabrielcamozzi/.m2/repository/org/springframework/boot/spring-boot-starter-tomcat/2.3.2.RELEASE/spring-boot-starter-tomcat-2.3.2.RELEASE.jar:/Users/gabrielcamozzi/.m2/repository/org/apache/tomcat/embed/tomcat-embed-core/9.0.37/tomcat-embed-core-9.0.37.jar:/Users/gabrielcamozzi/.m2/repository/org/glassfish/jakarta.el/3.0.3/jakarta.el-3.0.3.jar:/Users/gabrielcamozzi/.m2/repository/org/apache/tomcat/embed/tomcat-embed-websocket/9.0.37/tomcat-embed-websocket-9.0.37.jar:/Users/gabrielcamozzi/.m2/repository/org/springframework/spring-web/5.2.8.RELEASE/spring-web-5.2.8.RELEASE.jar:/Users/gabrielcamozzi/.m2/repository/org/springframework/spring-webmvc/5.2.8.RELEASE/spring-webmvc-5.2.8.RELEASE.jar:/Users/gabrielcamozzi/.m2/repository/org/springframework/spring-aop/5.2.8.RELEASE/spring-aop-5.2.8.RELEASE.jar:/Users/gabrielcamozzi/.m2/repository/org/projectlombok/lombok/1.18.22/lombok-1.18.22.jar:/Users/gabrielcamozzi/.m2/repository/org/springframework/boot/spring-boot-starter-test/2.3.2.RELEASE/spring-boot-starter-test-2.3.2.RELEASE.jar:/Users/gabrielcamozzi/.m2/repository/org/springframework/boot/spring-boot-test/2.3.2.RELEASE/spring-boot-test-2.3.2.RELEASE.jar:/Users/gabrielcamozzi/.m2/repository/org/springframework/boot/spring-boot-test-autoconfigure/2.3.2.RELEASE/spring-boot-test-autoconfigure-2.3.2.RELEASE.jar:/Users/gabrielcamozzi/.m2/repository/com/jayway/jsonpath/json-path/2.4.0/json-path-2.4.0.jar:/Users/gabrielcamozzi/.m2/repository/net/minidev/json-smart/2.3/json-smart-2.3.jar:/Users/gabrielcamozzi/.m2/repository/net/minidev/accessors-smart/1.2/accessors-smart-1.2.jar:/Users/gabrielcamozzi/.m2/repository/org/ow2/asm/asm/5.0.4/asm-5.0.4.jar:/Users/gabrielcamozzi/.m2/repository/jakarta/xml/bind/jakarta.xml.bind-api/2.3.3/jakarta.xml.bind-api-2.3.3.jar:/Users/gabrielcamozzi/.m2/repository/jakarta/activation/jakarta.activation-api/1.2.2/jakarta.activation-api-1.2.2.jar:/Users/gabrielcamozzi/.m2/repository/org/assertj/assertj-core/3.16.1/assertj-core-3.16.1.jar:/Users/gabrielcamozzi/.m2/repository/org/hamcrest/hamcrest/2.2/hamcrest-2.2.jar:/Users/gabrielcamozzi/.m2/repository/org/junit/jupiter/junit-jupiter/5.6.2/junit-jupiter-5.6.2.jar:/Users/gabrielcamozzi/.m2/repository/org/junit/jupiter/junit-jupiter-api/5.6.2/junit-jupiter-api-5.6.2.jar:/Users/gabrielcamozzi/.m2/repository/org/junit/jupiter/junit-jupiter-params/5.6.2/junit-jupiter-params-5.6.2.jar:/Users/gabrielcamozzi/.m2/repository/org/junit/jupiter/junit-jupiter-engine/5.6.2/junit-jupiter-engine-5.6.2.jar:/Users/gabrielcamozzi/.m2/repository/org/mockito/mockito-core/3.3.3/mockito-core-3.3.3.jar:/Users/gabrielcamozzi/.m2/repository/net/bytebuddy/byte-buddy/1.10.13/byte-buddy-1.10.13.jar:/Users/gabrielcamozzi/.m2/repository/net/bytebuddy/byte-buddy-agent/1.10.13/byte-buddy-agent-1.10.13.jar:/Users/gabrielcamozzi/.m2/repository/org/objenesis/objenesis/2.6/objenesis-2.6.jar:/Users/gabrielcamozzi/.m2/repository/org/mockito/mockito-junit-jupiter/3.3.3/mockito-junit-jupiter-3.3.3.jar:/Users/gabrielcamozzi/.m2/repository/org/skyscreamer/jsonassert/1.5.0/jsonassert-1.5.0.jar:/Users/gabrielcamozzi/.m2/repository/com/vaadin/external/google/android-json/0.0.20131108.vaadin1/android-json-0.0.20131108.vaadin1.jar:/Users/gabrielcamozzi/.m2/repository/org/springframework/spring-core/5.2.8.RELEASE/spring-core-5.2.8.RELEASE.jar:/Users/gabrielcamozzi/.m2/repository/org/springframework/spring-jcl/5.2.8.RELEASE/spring-jcl-5.2.8.RELEASE.jar:/Users/gabrielcamozzi/.m2/repository/org/springframework/spring-test/5.2.8.RELEASE/spring-test-5.2.8.RELEASE.jar:/Users/gabrielcamozzi/.m2/repository/org/xmlunit/xmlunit-core/2.7.0/xmlunit-core-2.7.0.jar:/Users/gabrielcamozzi/.m2/repository/io/cucumber/cucumber-spring/6.0.0/cucumber-spring-6.0.0.jar:/Users/gabrielcamozzi/.m2/repository/io/cucumber/cucumber-core/6.0.0/cucumber-core-6.0.0.jar:/Users/gabrielcamozzi/.m2/repository/io/cucumber/cucumber-gherkin-messages/6.0.0/cucumber-gherkin-messages-6.0.0.jar:/Users/gabrielcamozzi/.m2/repository/io/cucumber/messages/12.1.1/messages-12.1.1.jar:/Users/gabrielcamozzi/.m2/repository/io/cucumber/tag-expressions/2.0.4/tag-expressions-2.0.4.jar:/Users/gabrielcamozzi/.m2/repository/io/cucumber/cucumber-expressions/10.2.0/cucumber-expressions-10.2.0.jar:/Users/gabrielcamozzi/.m2/repository/io/cucumber/datatable/3.3.1/datatable-3.3.1.jar:/Users/gabrielcamozzi/.m2/repository/io/cucumber/cucumber-plugin/6.0.0/cucumber-plugin-6.0.0.jar:/Users/gabrielcamozzi/.m2/repository/io/cucumber/docstring/6.0.0/docstring-6.0.0.jar:/Users/gabrielcamozzi/.m2/repository/io/cucumber/html-formatter/6.0.2/html-formatter-6.0.2.jar:/Users/gabrielcamozzi/.m2/repository/org/apiguardian/apiguardian-api/1.1.0/apiguardian-api-1.1.0.jar:/Users/gabrielcamozzi/.m2/repository/io/cucumber/cucumber-junit/6.0.0/cucumber-junit-6.0.0.jar:/Users/gabrielcamozzi/.m2/repository/io/cucumber/cucumber-java/6.0.0/cucumber-java-6.0.0.jar:/Users/gabrielcamozzi/.m2/repository/junit/junit/4.13/junit-4.13.jar:/Users/gabrielcamozzi/.m2/repository/org/hamcrest/hamcrest-core/2.2/hamcrest-core-2.2.jar:/Users/gabrielcamozzi/.m2/repository/org/junit/vintage/junit-vintage-engine/5.7.0/junit-vintage-engine-5.7.0.jar:/Users/gabrielcamozzi/.m2/repository/org/junit/platform/junit-platform-engine/1.6.2/junit-platform-engine-1.6.2.jar:/Users/gabrielcamozzi/.m2/repository/org/opentest4j/opentest4j/1.2.0/opentest4j-1.2.0.jar:/Users/gabrielcamozzi/.m2/repository/org/junit/platform/junit-platform-commons/1.6.2/junit-platform-commons-1.6.2.jar:/Users/gabrielcamozzi/.m2/repository/com/epam/reportportal/agent-java-cucumber6/5.1.2/agent-java-cucumber6-5.1.2.jar:/Users/gabrielcamozzi/.m2/repository/com/epam/reportportal/client-java/5.1.9/client-java-5.1.9.jar:/Users/gabrielcamozzi/.m2/repository/io/reactivex/rxjava2/rxjava/2.2.19/rxjava-2.2.19.jar:/Users/gabrielcamozzi/.m2/repository/org/reactivestreams/reactive-streams/1.0.3/reactive-streams-1.0.3.jar:/Users/gabrielcamozzi/.m2/repository/com/google/guava/guava/30.1-android/guava-30.1-android.jar:/Users/gabrielcamozzi/.m2/repository/com/google/guava/failureaccess/1.0.1/failureaccess-1.0.1.jar:/Users/gabrielcamozzi/.m2/repository/com/google/guava/listenablefuture/9999.0-empty-to-avoid-conflict-with-guava/listenablefuture-9999.0-empty-to-avoid-conflict-with-guava.jar:/Users/gabrielcamozzi/.m2/repository/org/checkerframework/checker-compat-qual/2.5.5/checker-compat-qual-2.5.5.jar:/Users/gabrielcamozzi/.m2/repository/com/google/errorprone/error_prone_annotations/2.3.4/error_prone_annotations-2.3.4.jar:/Users/gabrielcamozzi/.m2/repository/com/google/j2objc/j2objc-annotations/1.3/j2objc-annotations-1.3.jar:/Users/gabrielcamozzi/.m2/repository/com/squareup/retrofit2/retrofit/2.9.0/retrofit-2.9.0.jar:/Users/gabrielcamozzi/.m2/repository/com/squareup/okhttp3/okhttp/3.14.9/okhttp-3.14.9.jar:/Users/gabrielcamozzi/.m2/repository/com/squareup/okio/okio/1.17.2/okio-1.17.2.jar:/Users/gabrielcamozzi/.m2/repository/org/aspectj/aspectjrt/1.9.6/aspectjrt-1.9.6.jar:/Users/gabrielcamozzi/.m2/repository/com/squareup/retrofit2/converter-scalars/2.9.0/converter-scalars-2.9.0.jar:/Users/gabrielcamozzi/.m2/repository/com/squareup/retrofit2/converter-jackson/2.9.0/converter-jackson-2.9.0.jar:/Users/gabrielcamozzi/.m2/repository/com/squareup/retrofit2/adapter-rxjava2/2.9.0/adapter-rxjava2-2.9.0.jar:/Users/gabrielcamozzi/.m2/repository/com/squareup/okhttp3/logging-interceptor/3.14.9/logging-interceptor-3.14.9.jar:/Users/gabrielcamozzi/.m2/repository/org/aspectj/aspectjweaver/1.9.6/aspectjweaver-1.9.6.jar:/Users/gabrielcamozzi/.m2/repository/com/epam/reportportal/commons-model/5.0.0/commons-model-5.0.0.jar:/Users/gabrielcamozzi/.m2/repository/io/swagger/swagger-annotations/1.5.24/swagger-annotations-1.5.24.jar:/Users/gabrielcamozzi/.m2/repository/javax/validation/validation-api/2.0.1.Final/validation-api-2.0.1.Final.jar:/Users/gabrielcamozzi/.m2/repository/org/apache/commons/commons-lang3/3.10/commons-lang3-3.10.jar:/Users/gabrielcamozzi/.m2/repository/com/google/code/findbugs/jsr305/3.0.2/jsr305-3.0.2.jar:/Users/gabrielcamozzi/.m2/repository/io/cucumber/cucumber-gherkin/7.2.3/cucumber-gherkin-7.2.3.jar:/Users/gabrielcamozzi/.m2/repository/org/slf4j/slf4j-api/1.7.30/slf4j-api-1.7.30.jar:"/>
    <property name="java.vm.vendor" value="Homebrew"/>
    <property name="sun.arch.data.model" value="64"/>
    <property name="catalina.useNaming" value="false"/>
    <property name="java.vendor.url" value="https://github.com/Homebrew/homebrew-core/issues"/>
    <property name="user.timezone" value="America/Argentina/Buenos_Aires"/>
    <property name="os.name" value="Mac OS X"/>
    <property name="java.vm.specification.version" value="18"/>
    <property name="sun.java.launcher" value="SUN_STANDARD"/>
    <property name="user.country" value="419"/>
    <property name="sun.boot.library.path" value="/opt/homebrew/Cellar/openjdk/18.0.1.1/libexec/openjdk.jdk/Contents/Home/lib"/>
    <property name="sun.java.command" value="/Users/gabrielcamozzi/Desarrollo/Desarrollos/Ejemplos_para_Desacople/junit-cucumber/target/surefire/surefirebooter14662108119457641285.jar /Users/gabrielcamozzi/Desarrollo/Desarrollos/Ejemplos_para_Desacople/junit-cucumber/target/surefire 2022-07-12T19-21-08_764-jvmRun1 surefire5749362763799289666tmp surefire_016953632790853827709tmp"/>
    <property name="http.nonProxyHosts" value="local|*.local|169.254/16|*.169.254/16"/>
    <property name="jdk.debug" value="release"/>
    <property name="surefire.test.class.path" value="/Users/gabrielcamozzi/Desarrollo/Desarrollos/Ejemplos_para_Desacople/junit-cucumber/target/test-classes:/Users/gabrielcamozzi/Desarrollo/Desarrollos/Ejemplos_para_Desacople/junit-cucumber/target/classes:/Users/gabrielcamozzi/.m2/repository/org/springframework/boot/spring-boot-starter-data-mongodb/2.3.2.RELEASE/spring-boot-starter-data-mongodb-2.3.2.RELEASE.jar:/Users/gabrielcamozzi/.m2/repository/org/springframework/boot/spring-boot-starter/2.3.2.RELEASE/spring-boot-starter-2.3.2.RELEASE.jar:/Users/gabrielcamozzi/.m2/repository/org/springframework/boot/spring-boot/2.3.2.RELEASE/spring-boot-2.3.2.RELEASE.jar:/Users/gabrielcamozzi/.m2/repository/org/springframework/boot/spring-boot-autoconfigure/2.3.2.RELEASE/spring-boot-autoconfigure-2.3.2.RELEASE.jar:/Users/gabrielcamozzi/.m2/repository/org/springframework/boot/spring-boot-starter-logging/2.3.2.RELEASE/spring-boot-starter-logging-2.3.2.RELEASE.jar:/Users/gabrielcamozzi/.m2/repository/ch/qos/logback/logback-classic/1.2.3/logback-classic-1.2.3.jar:/Users/gabrielcamozzi/.m2/repository/ch/qos/logback/logback-core/1.2.3/logback-core-1.2.3.jar:/Users/gabrielcamozzi/.m2/repository/org/apache/logging/log4j/log4j-to-slf4j/2.13.3/log4j-to-slf4j-2.13.3.jar:/Users/gabrielcamozzi/.m2/repository/org/apache/logging/log4j/log4j-api/2.13.3/log4j-api-2.13.3.jar:/Users/gabrielcamozzi/.m2/repository/org/slf4j/jul-to-slf4j/1.7.30/jul-to-slf4j-1.7.30.jar:/Users/gabrielcamozzi/.m2/repository/jakarta/annotation/jakarta.annotation-api/1.3.5/jakarta.annotation-api-1.3.5.jar:/Users/gabrielcamozzi/.m2/repository/org/yaml/snakeyaml/1.26/snakeyaml-1.26.jar:/Users/gabrielcamozzi/.m2/repository/org/mongodb/mongodb-driver-sync/4.0.5/mongodb-driver-sync-4.0.5.jar:/Users/gabrielcamozzi/.m2/repository/org/mongodb/bson/4.0.5/bson-4.0.5.jar:/Users/gabrielcamozzi/.m2/repository/org/mongodb/mongodb-driver-core/4.0.5/mongodb-driver-core-4.0.5.jar:/Users/gabrielcamozzi/.m2/repository/org/springframework/data/spring-data-mongodb/3.0.2.RELEASE/spring-data-mongodb-3.0.2.RELEASE.jar:/Users/gabrielcamozzi/.m2/repository/org/springframework/spring-tx/5.2.8.RELEASE/spring-tx-5.2.8.RELEASE.jar:/Users/gabrielcamozzi/.m2/repository/org/springframework/spring-context/5.2.8.RELEASE/spring-context-5.2.8.RELEASE.jar:/Users/gabrielcamozzi/.m2/repository/org/springframework/spring-beans/5.2.8.RELEASE/spring-beans-5.2.8.RELEASE.jar:/Users/gabrielcamozzi/.m2/repository/org/springframework/spring-expression/5.2.8.RELEASE/spring-expression-5.2.8.RELEASE.jar:/Users/gabrielcamozzi/.m2/repository/org/springframework/data/spring-data-commons/2.3.2.RELEASE/spring-data-commons-2.3.2.RELEASE.jar:/Users/gabrielcamozzi/.m2/repository/org/springframework/boot/spring-boot-starter-web/2.3.2.RELEASE/spring-boot-starter-web-2.3.2.RELEASE.jar:/Users/gabrielcamozzi/.m2/repository/org/springframework/boot/spring-boot-starter-json/2.3.2.RELEASE/spring-boot-starter-json-2.3.2.RELEASE.jar:/Users/gabrielcamozzi/.m2/repository/com/fasterxml/jackson/core/jackson-databind/2.11.1/jackson-databind-2.11.1.jar:/Users/gabrielcamozzi/.m2/repository/com/fasterxml/jackson/core/jackson-annotations/2.11.1/jackson-annotations-2.11.1.jar:/Users/gabrielcamozzi/.m2/repository/com/fasterxml/jackson/core/jackson-core/2.11.1/jackson-core-2.11.1.jar:/Users/gabrielcamozzi/.m2/repository/com/fasterxml/jackson/datatype/jackson-datatype-jdk8/2.11.1/jackson-datatype-jdk8-2.11.1.jar:/Users/gabrielcamozzi/.m2/repository/com/fasterxml/jackson/datatype/jackson-datatype-jsr310/2.11.1/jackson-datatype-jsr310-2.11.1.jar:/Users/gabrielcamozzi/.m2/repository/com/fasterxml/jackson/module/jackson-module-parameter-names/2.11.1/jackson-module-parameter-names-2.11.1.jar:/Users/gabrielcamozzi/.m2/repository/org/springframework/boot/spring-boot-starter-tomcat/2.3.2.RELEASE/spring-boot-starter-tomcat-2.3.2.RELEASE.jar:/Users/gabrielcamozzi/.m2/repository/org/apache/tomcat/embed/tomcat-embed-core/9.0.37/tomcat-embed-core-9.0.37.jar:/Users/gabrielcamozzi/.m2/repository/org/glassfish/jakarta.el/3.0.3/jakarta.el-3.0.3.jar:/Users/gabrielcamozzi/.m2/repository/org/apache/tomcat/embed/tomcat-embed-websocket/9.0.37/tomcat-embed-websocket-9.0.37.jar:/Users/gabrielcamozzi/.m2/repository/org/springframework/spring-web/5.2.8.RELEASE/spring-web-5.2.8.RELEASE.jar:/Users/gabrielcamozzi/.m2/repository/org/springframework/spring-webmvc/5.2.8.RELEASE/spring-webmvc-5.2.8.RELEASE.jar:/Users/gabrielcamozzi/.m2/repository/org/springframework/spring-aop/5.2.8.RELEASE/spring-aop-5.2.8.RELEASE.jar:/Users/gabrielcamozzi/.m2/repository/org/projectlombok/lombok/1.18.22/lombok-1.18.22.jar:/Users/gabrielcamozzi/.m2/repository/org/springframework/boot/spring-boot-starter-test/2.3.2.RELEASE/spring-boot-starter-test-2.3.2.RELEASE.jar:/Users/gabrielcamozzi/.m2/repository/org/springframework/boot/spring-boot-test/2.3.2.RELEASE/spring-boot-test-2.3.2.RELEASE.jar:/Users/gabrielcamozzi/.m2/repository/org/springframework/boot/spring-boot-test-autoconfigure/2.3.2.RELEASE/spring-boot-test-autoconfigure-2.3.2.RELEASE.jar:/Users/gabrielcamozzi/.m2/repository/com/jayway/jsonpath/json-path/2.4.0/json-path-2.4.0.jar:/Users/gabrielcamozzi/.m2/repository/net/minidev/json-smart/2.3/json-smart-2.3.jar:/Users/gabrielcamozzi/.m2/repository/net/minidev/accessors-smart/1.2/accessors-smart-1.2.jar:/Users/gabrielcamozzi/.m2/repository/org/ow2/asm/asm/5.0.4/asm-5.0.4.jar:/Users/gabrielcamozzi/.m2/repository/jakarta/xml/bind/jakarta.xml.bind-api/2.3.3/jakarta.xml.bind-api-2.3.3.jar:/Users/gabrielcamozzi/.m2/repository/jakarta/activation/jakarta.activation-api/1.2.2/jakarta.activation-api-1.2.2.jar:/Users/gabrielcamozzi/.m2/repository/org/assertj/assertj-core/3.16.1/assertj-core-3.16.1.jar:/Users/gabrielcamozzi/.m2/repository/org/hamcrest/hamcrest/2.2/hamcrest-2.2.jar:/Users/gabrielcamozzi/.m2/repository/org/junit/jupiter/junit-jupiter/5.6.2/junit-jupiter-5.6.2.jar:/Users/gabrielcamozzi/.m2/repository/org/junit/jupiter/junit-jupiter-api/5.6.2/junit-jupiter-api-5.6.2.jar:/Users/gabrielcamozzi/.m2/repository/org/junit/jupiter/junit-jupiter-params/5.6.2/junit-jupiter-params-5.6.2.jar:/Users/gabrielcamozzi/.m2/repository/org/junit/jupiter/junit-jupiter-engine/5.6.2/junit-jupiter-engine-5.6.2.jar:/Users/gabrielcamozzi/.m2/repository/org/mockito/mockito-core/3.3.3/mockito-core-3.3.3.jar:/Users/gabrielcamozzi/.m2/repository/net/bytebuddy/byte-buddy/1.10.13/byte-buddy-1.10.13.jar:/Users/gabrielcamozzi/.m2/repository/net/bytebuddy/byte-buddy-agent/1.10.13/byte-buddy-agent-1.10.13.jar:/Users/gabrielcamozzi/.m2/repository/org/objenesis/objenesis/2.6/objenesis-2.6.jar:/Users/gabrielcamozzi/.m2/repository/org/mockito/mockito-junit-jupiter/3.3.3/mockito-junit-jupiter-3.3.3.jar:/Users/gabrielcamozzi/.m2/repository/org/skyscreamer/jsonassert/1.5.0/jsonassert-1.5.0.jar:/Users/gabrielcamozzi/.m2/repository/com/vaadin/external/google/android-json/0.0.20131108.vaadin1/android-json-0.0.20131108.vaadin1.jar:/Users/gabrielcamozzi/.m2/repository/org/springframework/spring-core/5.2.8.RELEASE/spring-core-5.2.8.RELEASE.jar:/Users/gabrielcamozzi/.m2/repository/org/springframework/spring-jcl/5.2.8.RELEASE/spring-jcl-5.2.8.RELEASE.jar:/Users/gabrielcamozzi/.m2/repository/org/springframework/spring-test/5.2.8.RELEASE/spring-test-5.2.8.RELEASE.jar:/Users/gabrielcamozzi/.m2/repository/org/xmlunit/xmlunit-core/2.7.0/xmlunit-core-2.7.0.jar:/Users/gabrielcamozzi/.m2/repository/io/cucumber/cucumber-spring/6.0.0/cucumber-spring-6.0.0.jar:/Users/gabrielcamozzi/.m2/repository/io/cucumber/cucumber-core/6.0.0/cucumber-core-6.0.0.jar:/Users/gabrielcamozzi/.m2/repository/io/cucumber/cucumber-gherkin-messages/6.0.0/cucumber-gherkin-messages-6.0.0.jar:/Users/gabrielcamozzi/.m2/repository/io/cucumber/messages/12.1.1/messages-12.1.1.jar:/Users/gabrielcamozzi/.m2/repository/io/cucumber/tag-expressions/2.0.4/tag-expressions-2.0.4.jar:/Users/gabrielcamozzi/.m2/repository/io/cucumber/cucumber-expressions/10.2.0/cucumber-expressions-10.2.0.jar:/Users/gabrielcamozzi/.m2/repository/io/cucumber/datatable/3.3.1/datatable-3.3.1.jar:/Users/gabrielcamozzi/.m2/repository/io/cucumber/cucumber-plugin/6.0.0/cucumber-plugin-6.0.0.jar:/Users/gabrielcamozzi/.m2/repository/io/cucumber/docstring/6.0.0/docstring-6.0.0.jar:/Users/gabrielcamozzi/.m2/repository/io/cucumber/html-formatter/6.0.2/html-formatter-6.0.2.jar:/Users/gabrielcamozzi/.m2/repository/org/apiguardian/apiguardian-api/1.1.0/apiguardian-api-1.1.0.jar:/Users/gabrielcamozzi/.m2/repository/io/cucumber/cucumber-junit/6.0.0/cucumber-junit-6.0.0.jar:/Users/gabrielcamozzi/.m2/repository/io/cucumber/cucumber-java/6.0.0/cucumber-java-6.0.0.jar:/Users/gabrielcamozzi/.m2/repository/junit/junit/4.13/junit-4.13.jar:/Users/gabrielcamozzi/.m2/repository/org/hamcrest/hamcrest-core/2.2/hamcrest-core-2.2.jar:/Users/gabrielcamozzi/.m2/repository/org/junit/vintage/junit-vintage-engine/5.7.0/junit-vintage-engine-5.7.0.jar:/Users/gabrielcamozzi/.m2/repository/org/junit/platform/junit-platform-engine/1.6.2/junit-platform-engine-1.6.2.jar:/Users/gabrielcamozzi/.m2/repository/org/opentest4j/opentest4j/1.2.0/opentest4j-1.2.0.jar:/Users/gabrielcamozzi/.m2/repository/org/junit/platform/junit-platform-commons/1.6.2/junit-platform-commons-1.6.2.jar:/Users/gabrielcamozzi/.m2/repository/com/epam/reportportal/agent-java-cucumber6/5.1.2/agent-java-cucumber6-5.1.2.jar:/Users/gabrielcamozzi/.m2/repository/com/epam/reportportal/client-java/5.1.9/client-java-5.1.9.jar:/Users/gabrielcamozzi/.m2/repository/io/reactivex/rxjava2/rxjava/2.2.19/rxjava-2.2.19.jar:/Users/gabrielcamozzi/.m2/repository/org/reactivestreams/reactive-streams/1.0.3/reactive-streams-1.0.3.jar:/Users/gabrielcamozzi/.m2/repository/com/google/guava/guava/30.1-android/guava-30.1-android.jar:/Users/gabrielcamozzi/.m2/repository/com/google/guava/failureaccess/1.0.1/failureaccess-1.0.1.jar:/Users/gabrielcamozzi/.m2/repository/com/google/guava/listenablefuture/9999.0-empty-to-avoid-conflict-with-guava/listenablefuture-9999.0-empty-to-avoid-conflict-with-guava.jar:/Users/gabrielcamozzi/.m2/repository/org/checkerframework/checker-compat-qual/2.5.5/checker-compat-qual-2.5.5.jar:/Users/gabrielcamozzi/.m2/repository/com/google/errorprone/error_prone_annotations/2.3.4/error_prone_annotations-2.3.4.jar:/Users/gabrielcamozzi/.m2/repository/com/google/j2objc/j2objc-annotations/1.3/j2objc-annotations-1.3.jar:/Users/gabrielcamozzi/.m2/repository/com/squareup/retrofit2/retrofit/2.9.0/retrofit-2.9.0.jar:/Users/gabrielcamozzi/.m2/repository/com/squareup/okhttp3/okhttp/3.14.9/okhttp-3.14.9.jar:/Users/gabrielcamozzi/.m2/repository/com/squareup/okio/okio/1.17.2/okio-1.17.2.jar:/Users/gabrielcamozzi/.m2/repository/org/aspectj/aspectjrt/1.9.6/aspectjrt-1.9.6.jar:/Users/gabrielcamozzi/.m2/repository/com/squareup/retrofit2/converter-scalars/2.9.0/converter-scalars-2.9.0.jar:/Users/gabrielcamozzi/.m2/repository/com/squareup/retrofit2/converter-jackson/2.9.0/converter-jackson-2.9.0.jar:/Users/gabrielcamozzi/.m2/repository/com/squareup/retrofit2/adapter-rxjava2/2.9.0/adapter-rxjava2-2.9.0.jar:/Users/gabrielcamozzi/.m2/repository/com/squareup/okhttp3/logging-interceptor/3.14.9/logging-interceptor-3.14.9.jar:/Users/gabrielcamozzi/.m2/repository/org/aspectj/aspectjweaver/1.9.6/aspectjweaver-1.9.6.jar:/Users/gabrielcamozzi/.m2/repository/com/epam/reportportal/commons-model/5.0.0/commons-model-5.0.0.jar:/Users/gabrielcamozzi/.m2/repository/io/swagger/swagger-annotations/1.5.24/swagger-annotations-1.5.24.jar:/Users/gabrielcamozzi/.m2/repository/javax/validation/validation-api/2.0.1.Final/validation-api-2.0.1.Final.jar:/Users/gabrielcamozzi/.m2/repository/org/apache/commons/commons-lang3/3.10/commons-lang3-3.10.jar:/Users/gabrielcamozzi/.m2/repository/com/google/code/findbugs/jsr305/3.0.2/jsr305-3.0.2.jar:/Users/gabrielcamozzi/.m2/repository/io/cucumber/cucumber-gherkin/7.2.3/cucumber-gherkin-7.2.3.jar:/Users/gabrielcamozzi/.m2/repository/org/slf4j/slf4j-api/1.7.30/slf4j-api-1.7.30.jar:"/>
    <property name="sun.cpu.endian" value="little"/>
    <property name="user.home" value="/Users/gabrielcamozzi"/>
    <property name="user.language" value="es"/>
    <property name="java.specification.vendor" value="Oracle Corporation"/>
    <property name="java.version.date" value="2022-04-22"/>
    <property name="java.home" value="/opt/homebrew/Cellar/openjdk/18.0.1.1/libexec/openjdk.jdk/Contents/Home"/>
    <property name="file.separator" value="/"/>
    <property name="basedir" value="/Users/gabrielcamozzi/Desarrollo/Desarrollos/Ejemplos_para_Desacople/junit-cucumber"/>
    <property name="java.vm.compressedOopsMode" value="Zero based"/>
    <property name="line.separator" value="&#10;"/>
    <property name="java.vm.specification.vendor" value="Oracle Corporation"/>
    <property name="java.specification.name" value="Java Platform API Specification"/>
    <property name="java.awt.headless" value="true"/>
    <property name="apple.awt.application.name" value="ForkedBooter"/>
    <property name="surefire.real.class.path" value="/Users/gabrielcamozzi/Desarrollo/Desarrollos/Ejemplos_para_Desacople/junit-cucumber/target/surefire/surefirebooter14662108119457641285.jar"/>
    <property name="sun.management.compiler" value="HotSpot 64-Bit Tiered Compilers"/>
    <property name="ftp.nonProxyHosts" value="local|*.local|169.254/16|*.169.254/16"/>
    <property name="java.runtime.version" value="18.0.1.1+0"/>
    <property name="user.name" value="gabrielcamozzi"/>
    <property name="path.separator" value=":"/>
    <property name="os.version" value="12.2.1"/>
    <property name="java.runtime.name" value="OpenJDK Runtime Environment"/>
    <property name="file.encoding" value="UTF-8"/>
    <property name="spring.beaninfo.ignore" value="true"/>
    <property name="java.vm.name" value="OpenJDK 64-Bit Server VM"/>
    <property name="java.vendor.version" value="Homebrew"/>
    <property name="localRepository" value="/Users/gabrielcamozzi/.m2/repository"/>
    <property name="java.vendor.url.bug" value="https://github.com/Homebrew/homebrew-core/issues"/>
    <property name="java.io.tmpdir" value="/var/folders/ws/f6x338jn123fm7r3rw0w5bfc0000gn/T/"/>
    <property name="catalina.home" value="/private/var/folders/ws/f6x338jn123fm7r3rw0w5bfc0000gn/T/tomcat.17131542826634314355.0"/>
    <property name="java.version" value="18.0.1.1"/>
    <property name="user.dir" value="/Users/gabrielcamozzi/Desarrollo/Desarrollos/Ejemplos_para_Desacople/junit-cucumber"/>
    <property name="os.arch" value="aarch64"/>
    <property name="java.vm.specification.name" value="Java Virtual Machine Specification"/>
    <property name="PID" value="6798"/>
    <property name="catalina.base" value="/private/var/folders/ws/f6x338jn123fm7r3rw0w5bfc0000gn/T/tomcat.17131542826634314355.0"/>
    <property name="native.encoding" value="US-ASCII"/>
    <property name="java.library.path" value="/Users/gabrielcamozzi/Library/Java/Extensions:/Library/Java/Extensions:/Network/Library/Java/Extensions:/System/Library/Java/Extensions:/usr/lib/java:."/>
    <property name="java.vm.info" value="mixed mode, sharing"/>
    <property name="java.vendor" value="Homebrew"/>
    <property name="java.vm.version" value="18.0.1.1+0"/>
    <property name="sun.io.unicode.encoding" value="UnicodeBig"/>
    <property name="socksNonProxyHosts" value="local|*.local|169.254/16|*.169.254/16"/>
    <property name="java.class.version" value="62.0"/>
  </properties>
  <testcase name="El usuario obtiene los memes" classname="Memes Test Feature" time="1.334">
    <system-out><![CDATA[19:21:09.452 [main] DEBUG org.springframework.test.context.BootstrapUtils - Instantiating CacheAwareContextLoaderDelegate from class [org.springframework.test.context.cache.DefaultCacheAwareContextLoaderDelegate]
19:21:09.456 [main] DEBUG org.springframework.test.context.BootstrapUtils - Instantiating BootstrapContext using constructor [public org.springframework.test.context.support.DefaultBootstrapContext(java.lang.Class,org.springframework.test.context.CacheAwareContextLoaderDelegate)]
19:21:09.467 [main] DEBUG org.springframework.test.context.BootstrapUtils - Instantiating TestContextBootstrapper for test class [co.uk.codeyogi.cucumber.demo.cucumber.CucumberIT] from class [org.springframework.boot.test.context.SpringBootTestContextBootstrapper]
19:21:09.474 [main] INFO org.springframework.boot.test.context.SpringBootTestContextBootstrapper - Neither @ContextConfiguration nor @ContextHierarchy found for test class [co.uk.codeyogi.cucumber.demo.cucumber.CucumberIT], using SpringBootContextLoader
19:21:09.476 [main] DEBUG org.springframework.test.context.support.AbstractContextLoader - Did not detect default resource location for test class [co.uk.codeyogi.cucumber.demo.cucumber.CucumberIT]: class path resource [co/uk/codeyogi/cucumber/demo/cucumber/CucumberIT-context.xml] does not exist
19:21:09.476 [main] DEBUG org.springframework.test.context.support.AbstractContextLoader - Did not detect default resource location for test class [co.uk.codeyogi.cucumber.demo.cucumber.CucumberIT]: class path resource [co/uk/codeyogi/cucumber/demo/cucumber/CucumberITContext.groovy] does not exist
19:21:09.476 [main] INFO org.springframework.test.context.support.AbstractContextLoader - Could not detect default resource locations for test class [co.uk.codeyogi.cucumber.demo.cucumber.CucumberIT]: no resource found for suffixes {-context.xml, Context.groovy}.
19:21:09.491 [main] DEBUG org.springframework.test.context.support.ActiveProfilesUtils - Could not find an 'annotation declaring class' for annotation type [org.springframework.test.context.ActiveProfiles] and class [co.uk.codeyogi.cucumber.demo.cucumber.CucumberIT]
19:21:09.533 [main] DEBUG org.springframework.boot.test.context.SpringBootTestContextBootstrapper - @TestExecutionListeners is not present for class [co.uk.codeyogi.cucumber.demo.cucumber.CucumberIT]: using defaults.
19:21:09.533 [main] INFO org.springframework.boot.test.context.SpringBootTestContextBootstrapper - Loaded default TestExecutionListener class names from location [META-INF/spring.factories]: [org.springframework.boot.test.mock.mockito.MockitoTestExecutionListener, org.springframework.boot.test.mock.mockito.ResetMocksTestExecutionListener, org.springframework.boot.test.autoconfigure.restdocs.RestDocsTestExecutionListener, org.springframework.boot.test.autoconfigure.web.client.MockRestServiceServerResetTestExecutionListener, org.springframework.boot.test.autoconfigure.web.servlet.MockMvcPrintOnlyOnFailureTestExecutionListener, org.springframework.boot.test.autoconfigure.web.servlet.WebDriverTestExecutionListener, org.springframework.boot.test.autoconfigure.webservices.client.MockWebServiceServerTestExecutionListener, org.springframework.test.context.web.ServletTestExecutionListener, org.springframework.test.context.support.DirtiesContextBeforeModesTestExecutionListener, org.springframework.test.context.support.DependencyInjectionTestExecutionListener, org.springframework.test.context.support.DirtiesContextTestExecutionListener, org.springframework.test.context.transaction.TransactionalTestExecutionListener, org.springframework.test.context.jdbc.SqlScriptsTestExecutionListener, org.springframework.test.context.event.EventPublishingTestExecutionListener]
19:21:09.539 [main] INFO org.springframework.boot.test.context.SpringBootTestContextBootstrapper - Using TestExecutionListeners: [org.springframework.test.context.web.ServletTestExecutionListener@56da52a7, org.springframework.test.context.support.DirtiesContextBeforeModesTestExecutionListener@23ee75c5, org.springframework.boot.test.mock.mockito.MockitoTestExecutionListener@11a7ba62, org.springframework.boot.test.autoconfigure.SpringBootDependencyInjectionTestExecutionListener@340b7ef6, org.springframework.test.context.support.DirtiesContextTestExecutionListener@30404dba, org.springframework.test.context.transaction.TransactionalTestExecutionListener@6050462a, org.springframework.test.context.jdbc.SqlScriptsTestExecutionListener@4c0884e8, org.springframework.test.context.event.EventPublishingTestExecutionListener@231baf51, org.springframework.boot.test.mock.mockito.ResetMocksTestExecutionListener@11841b15, org.springframework.boot.test.autoconfigure.restdocs.RestDocsTestExecutionListener@73877e19, org.springframework.boot.test.autoconfigure.web.client.MockRestServiceServerResetTestExecutionListener@7b208b45, org.springframework.boot.test.autoconfigure.web.servlet.MockMvcPrintOnlyOnFailureTestExecutionListener@5bfc257, org.springframework.boot.test.autoconfigure.web.servlet.WebDriverTestExecutionListener@34523d46, org.springframework.boot.test.autoconfigure.webservices.client.MockWebServiceServerTestExecutionListener@7cedfa63]
19:21:09.552 [main] DEBUG org.springframework.test.context.support.TestPropertySourceUtils - Adding inlined properties to environment: {spring.jmx.enabled=false, org.springframework.boot.test.context.SpringBootTestContextBootstrapper=true, server.port=0}

  .   ____          _            __ _ _
 /\\ / ___'_ __ _ _(_)_ __  __ _ \ \ \ \
( ( )\___ | '_ | '_| | '_ \/ _` | \ \ \ \
 \\/  ___)| |_)| | | | | || (_| |  ) ) ) )
  '  |____| .__|_| |_|_| |_\__, | / / / /
 =========|_|==============|___/=/_/_/_/
 :: Spring Boot ::        (v2.3.2.RELEASE)

2022-07-12 19:21:09.645  INFO 6798 --- [           main] c.u.c.cucumber.demo.cucumber.CucumberIT  : Starting CucumberIT on MacBook-Pro-de-Gabriel.local with PID 6798 (started by gabrielcamozzi in /Users/gabrielcamozzi/Desarrollo/Desarrollos/Ejemplos_para_Desacople/junit-cucumber)
2022-07-12 19:21:09.645  INFO 6798 --- [           main] c.u.c.cucumber.demo.cucumber.CucumberIT  : No active profile set, falling back to default profiles: default
2022-07-12 19:21:09.847  INFO 6798 --- [           main] .s.d.r.c.RepositoryConfigurationDelegate : Bootstrapping Spring Data MongoDB repositories in DEFAULT mode.
2022-07-12 19:21:09.871  INFO 6798 --- [           main] .s.d.r.c.RepositoryConfigurationDelegate : Finished Spring Data repository scanning in 22ms. Found 1 MongoDB repository interfaces.
2022-07-12 19:21:10.104  INFO 6798 --- [           main] o.s.b.w.embedded.tomcat.TomcatWebServer  : Tomcat initialized with port(s): 0 (http)
2022-07-12 19:21:10.108  INFO 6798 --- [           main] o.apache.catalina.core.StandardService   : Starting service [Tomcat]
2022-07-12 19:21:10.109  INFO 6798 --- [           main] org.apache.catalina.core.StandardEngine  : Starting Servlet engine: [Apache Tomcat/9.0.37]
2022-07-12 19:21:10.158  INFO 6798 --- [           main] o.a.c.c.C.[Tomcat].[localhost].[/]       : Initializing Spring embedded WebApplicationContext
2022-07-12 19:21:10.158  INFO 6798 --- [           main] w.s.c.ServletWebServerApplicationContext : Root WebApplicationContext: initialization completed in 505 ms
2022-07-12 19:21:10.240  INFO 6798 --- [           main] org.mongodb.driver.cluster               : Cluster created with settings {hosts=[localhost:27017], mode=SINGLE, requiredClusterType=UNKNOWN, serverSelectionTimeout='30000 ms'}
2022-07-12 19:21:10.277  INFO 6798 --- [localhost:27017] org.mongodb.driver.connection            : Opened connection [connectionId{localValue:1, serverValue:49}] to localhost:27017
2022-07-12 19:21:10.279  INFO 6798 --- [localhost:27017] org.mongodb.driver.cluster               : Monitor thread successfully connected to server with description ServerDescription{address=localhost:27017, type=STANDALONE, state=CONNECTED, ok=true, minWireVersion=0, maxWireVersion=13, maxDocumentSize=16777216, logicalSessionTimeoutMinutes=30, roundTripTimeNanos=1365542}
2022-07-12 19:21:10.470  INFO 6798 --- [           main] o.s.s.concurrent.ThreadPoolTaskExecutor  : Initializing ExecutorService 'applicationTaskExecutor'
2022-07-12 19:21:10.586  INFO 6798 --- [           main] o.s.b.w.embedded.tomcat.TomcatWebServer  : Tomcat started on port(s): 55765 (http) with context path ''
2022-07-12 19:21:10.590  INFO 6798 --- [           main] c.u.c.cucumber.demo.cucumber.CucumberIT  : Started CucumberIT in 1.032 seconds (JVM running for 1.68)

Scenario: El usuario obtiene los memes        &amp#27;[90m# src/test/resources/features/meme.feature:3&amp#27;[0m
2022-07-12 19:21:10.624  INFO 6798 --- [           main] org.mongodb.driver.connection            : Opened connection [connectionId{localValue:2, serverValue:50}] to localhost:27017
  &amp#27;[32mGiven &amp#27;[0m&amp#27;[32mlos siguientes memes&amp#27;[0m                  &amp#27;[90m# co.uk.codeyogi.cucumber.demo.cucumber.glue.MemeSteps.los_siguientes_memes(java.util.List<co.uk.codeyogi.cucumber.demo.model.Meme>)&amp#27;[0m
2022-07-12 19:21:10.707  INFO 6798 --- [o-auto-1-exec-1] o.a.c.c.C.[Tomcat].[localhost].[/]       : Initializing Spring DispatcherServlet 'dispatcherServlet'
2022-07-12 19:21:10.707  INFO 6798 --- [o-auto-1-exec-1] o.s.web.servlet.DispatcherServlet        : Initializing Servlet 'dispatcherServlet'
2022-07-12 19:21:10.712  INFO 6798 --- [o-auto-1-exec-1] o.s.web.servlet.DispatcherServlet        : Completed initialization in 5 ms
  &amp#27;[32mWhen &amp#27;[0m&amp#27;[32mel usuario solicita todos los memes&amp#27;[0m    &amp#27;[90m# co.uk.codeyogi.cucumber.demo.cucumber.glue.MemeSteps.el_usuario_solicita_todos_los_memes()&amp#27;[0m
  &amp#27;[32mThen &amp#27;[0m&amp#27;[32mentonces todos los memes son devueltos&amp#27;[0m &amp#27;[90m# co.uk.codeyogi.cucumber.demo.cucumber.glue.MemeSteps.entonces_todos_los_memes_son_devueltos()&amp#27;[0m
]]></system-out>
  </testcase>
  <testcase name="Un usuario hace un post de un nuevo meme" classname="Memes Test Feature" time="0.035">
    <system-out><![CDATA[2022-07-12 19:21:10.749  INFO 6798 --- [           main] .b.t.c.SpringBootTestContextBootstrapper : Neither @ContextConfiguration nor @ContextHierarchy found for test class [co.uk.codeyogi.cucumber.demo.cucumber.CucumberIT], using SpringBootContextLoader
2022-07-12 19:21:10.749  INFO 6798 --- [           main] o.s.t.c.support.AbstractContextLoader    : Could not detect default resource locations for test class [co.uk.codeyogi.cucumber.demo.cucumber.CucumberIT]: no resource found for suffixes {-context.xml, Context.groovy}.
2022-07-12 19:21:10.750  INFO 6798 --- [           main] .b.t.c.SpringBootTestContextBootstrapper : Loaded default TestExecutionListener class names from location [META-INF/spring.factories]: [org.springframework.boot.test.mock.mockito.MockitoTestExecutionListener, org.springframework.boot.test.mock.mockito.ResetMocksTestExecutionListener, org.springframework.boot.test.autoconfigure.restdocs.RestDocsTestExecutionListener, org.springframework.boot.test.autoconfigure.web.client.MockRestServiceServerResetTestExecutionListener, org.springframework.boot.test.autoconfigure.web.servlet.MockMvcPrintOnlyOnFailureTestExecutionListener, org.springframework.boot.test.autoconfigure.web.servlet.WebDriverTestExecutionListener, org.springframework.boot.test.autoconfigure.webservices.client.MockWebServiceServerTestExecutionListener, org.springframework.test.context.web.ServletTestExecutionListener, org.springframework.test.context.support.DirtiesContextBeforeModesTestExecutionListener, org.springframework.test.context.support.DependencyInjectionTestExecutionListener, org.springframework.test.context.support.DirtiesContextTestExecutionListener, org.springframework.test.context.transaction.TransactionalTestExecutionListener, org.springframework.test.context.jdbc.SqlScriptsTestExecutionListener, org.springframework.test.context.event.EventPublishingTestExecutionListener]
2022-07-12 19:21:10.750  INFO 6798 --- [           main] .b.t.c.SpringBootTestContextBootstrapper : Using TestExecutionListeners: [org.springframework.test.context.web.ServletTestExecutionListener@177068db, org.springframework.test.context.support.DirtiesContextBeforeModesTestExecutionListener@60f3239f, org.springframework.boot.test.mock.mockito.MockitoTestExecutionListener@6b103db7, org.springframework.boot.test.autoconfigure.SpringBootDependencyInjectionTestExecutionListener@b3042ed, org.springframework.test.context.support.DirtiesContextTestExecutionListener@1f12d5e0, org.springframework.test.context.transaction.TransactionalTestExecutionListener@6604f246, org.springframework.test.context.jdbc.SqlScriptsTestExecutionListener@c1386b4, org.springframework.test.context.event.EventPublishingTestExecutionListener@53d9af1, org.springframework.boot.test.mock.mockito.ResetMocksTestExecutionListener@c89e263, org.springframework.boot.test.autoconfigure.restdocs.RestDocsTestExecutionListener@4d5ea776, org.springframework.boot.test.autoconfigure.web.client.MockRestServiceServerResetTestExecutionListener@5d68be4f, org.springframework.boot.test.autoconfigure.web.servlet.MockMvcPrintOnlyOnFailureTestExecutionListener@34eb5d01, org.springframework.boot.test.autoconfigure.web.servlet.WebDriverTestExecutionListener@77b22b05, org.springframework.boot.test.autoconfigure.webservices.client.MockWebServiceServerTestExecutionListener@4fef5792]

Scenario: Un usuario hace un post de un nuevo meme                  &amp#27;[90m# src/test/resources/features/meme.feature:11&amp#27;[0m
  &amp#27;[32mWhen &amp#27;[0m&amp#27;[32mun usuario hace un post de un nuevo meme &amp#27;[0m&amp#27;[32m&amp#27;[1m"meme3"&amp#27;[0m&amp#27;[32m con nivel &amp#27;[0m&amp#27;[32m&amp#27;[1m5&amp#27;[0m &amp#27;[90m# co.uk.codeyogi.cucumber.demo.cucumber.glue.MemeSteps.un_usuario_hace_un_post_de_un_nuevo_meme_meme3_con_nivel(java.lang.String,java.lang.Integer)&amp#27;[0m
  &amp#27;[32mThen &amp#27;[0m&amp#27;[32meste se encuentra en la base de datos&amp#27;[0m                        &amp#27;[90m# co.uk.codeyogi.cucumber.demo.cucumber.glue.MemeSteps.este_se_encuentra_en_la_base_de_datos()&amp#27;[0m
  &amp#27;[32mAnd &amp#27;[0m&amp#27;[32mposee un id&amp#27;[0m                                                   &amp#27;[90m# co.uk.codeyogi.cucumber.demo.cucumber.glue.MemeSteps.posee_un_id()&amp#27;[0m
]]></system-out>
  </testcase>
</testsuite>